Using pre-set license
Built from '2020.3/release' branch; Version is '2020.3.1f1 (77a89f25062f) revision 7841951'; Using compiler version '192528614'; Build Type 'Release'
OS: 'Windows 10 Home; OS build 19041.867; Version 2004; 64bit' Language: 'en' Physical Memory: 16335 MB
BatchMode: 1, IsHumanControllingUs: 0, StartBugReporterOnCrash: 0, Is64bit: 1, IsPro: 0

 COMMAND LINE ARGUMENTS:
C:\Program Files\Unity\Hub\Editor\2020.3.1f1\Editor\Unity.exe
-adb2
-batchMode
-noUpm
-name
AssetImportWorker0
-projectPath
G:/Documents/Dad/GitHub/Programming-Theory-/Programming theory project
-logFile
Logs/AssetImportWorker0.log
-srvPort
64780
Successfully changed project path to: G:/Documents/Dad/GitHub/Programming-Theory-/Programming theory project
G:/Documents/Dad/GitHub/Programming-Theory-/Programming theory project
Using Asset Import Pipeline V2.
Refreshing native plugins compatible for Editor in 36.37 ms, found 0 plugins.
Preloading 0 native plugins for Editor in 0.00 ms.
Initialize engine version: 2020.3.1f1 (77a89f25062f)
[Subsystems] Discovering subsystems at path C:/Program Files/Unity/Hub/Editor/2020.3.1f1/Editor/Data/Resources/UnitySubsystems
[Subsystems] Discovering subsystems at path G:/Documents/Dad/GitHub/Programming-Theory-/Programming theory project/Assets
GfxDevice: creating device client; threaded=0
Direct3D:
    Version:  Direct3D 11.0 [level 11.0]
    Renderer: NVIDIA GeForce GTX 780 Ti (ID=0x100a)
    Vendor:   
    VRAM:     3029 MB
    Driver:   27.21.14.5671
Initialize mono
Mono path[0] = 'C:/Program Files/Unity/Hub/Editor/2020.3.1f1/Editor/Data/Managed'
Mono path[1] = 'C:/Program Files/Unity/Hub/Editor/2020.3.1f1/Editor/Data/MonoBleedingEdge/lib/mono/unityjit'
Mono config path = 'C:/Program Files/Unity/Hub/Editor/2020.3.1f1/Editor/Data/MonoBleedingEdge/etc'
Using monoOptions --debugger-agent=transport=dt_socket,embedding=1,server=y,suspend=n,address=127.0.0.1:56796
Begin MonoManager ReloadAssembly
Registering precompiled unity dll's ...
Register platform support module: C:/Program Files/Unity/Hub/Editor/2020.3.1f1/Editor/Data/PlaybackEngines/WindowsStandaloneSupport/UnityEditor.WindowsStandalone.Extensions.dll
Registered in 0.002591 seconds.
Native extension for WindowsStandalone target not found
Refreshing native plugins compatible for Editor in 32.76 ms, found 0 plugins.
Preloading 0 native plugins for Editor in 0.00 ms.
Invoked RoslynAnalysisRunner static constructor.
RoslynAnalysisRunner will not be running.
RoslynAnalysisRunner has terminated.
Mono: successfully reloaded assembly
- Completed reload, in  1.346 seconds
Platform modules already initialized, skipping
Registering precompiled user dll's ...
Registered in 0.000666 seconds.
Begin MonoManager ReloadAssembly
Native extension for WindowsStandalone target not found
Refreshing native plugins compatible for Editor in 0.27 ms, found 0 plugins.
Preloading 0 native plugins for Editor in 0.00 ms.
Invoked RoslynAnalysisRunner static constructor.
RoslynAnalysisRunner will not be running.
RoslynAnalysisRunner has terminated.
Mono: successfully reloaded assembly
- Completed reload, in  1.053 seconds
Platform modules already initialized, skipping
========================================================================
Worker process is ready to serve import requests
Launched and connected shader compiler UnityShaderCompiler.exe after 0.04 seconds
Refreshing native plugins compatible for Editor in 0.25 ms, found 0 plugins.
Preloading 0 native plugins for Editor in 0.00 ms.
Unloading 1261 Unused Serialized files (Serialized files now loaded: 0)
System memory in use before: 63.4 MB.
System memory in use after: 63.5 MB.

Unloading 10 unused Assets to reduce memory usage. Loaded Objects now: 1711.
Total: 2.173600 ms (FindLiveObjects: 0.190400 ms CreateObjectMapping: 0.043100 ms MarkObjects: 1.843200 ms  DeleteObjects: 0.095400 ms)

========================================================================
Received Import Request.
  path: Assets/Zombie
  artifactKey: Guid(4759695686d009d4d9b62a3f122d6387) Importer(815301076,1909f56bfc062723c751e8b465ee728b)
Start importing Assets/Zombie using Guid(4759695686d009d4d9b62a3f122d6387) Importer(815301076,1909f56bfc062723c751e8b465ee728b)  -> (artifact id: 'a152bbf213c0118f19cc582a31e762fc') in 0.012155 seconds
  Import took 0.014597 seconds .

========================================================================
Received Import Request.
  Time since last request: 8.079121 seconds.
  path: Assets/Scripts
  artifactKey: Guid(0c02e89ca2123f343a6af6ff83d9a5b6) Importer(815301076,1909f56bfc062723c751e8b465ee728b)
Start importing Assets/Scripts using Guid(0c02e89ca2123f343a6af6ff83d9a5b6) Importer(815301076,1909f56bfc062723c751e8b465ee728b)  -> (artifact id: '437d4c596cfc86035a8eccdb7c9df8d1') in 0.008958 seconds
  Import took 0.014684 seconds .

========================================================================
Received Import Request.
  Time since last request: 0.000524 seconds.
  path: Assets/Scripts
  artifactKey: Guid(0c02e89ca2123f343a6af6ff83d9a5b6) Importer(815301076,1909f56bfc062723c751e8b465ee728b)
Start importing Assets/Scripts using Guid(0c02e89ca2123f343a6af6ff83d9a5b6) Importer(815301076,1909f56bfc062723c751e8b465ee728b)  -> (artifact id: '437d4c596cfc86035a8eccdb7c9df8d1') in 0.003177 seconds
  Import took 0.006650 seconds .

========================================================================
Received Import Request.
  Time since last request: 2.773466 seconds.
  path: Assets/Zombie/blue shirt.png
  artifactKey: Guid(8577b2e92adab7a4384b34e68cf494c7) Importer(815301076,1909f56bfc062723c751e8b465ee728b)
Start importing Assets/Zombie/blue shirt.png using Guid(8577b2e92adab7a4384b34e68cf494c7) Importer(815301076,1909f56bfc062723c751e8b465ee728b)  -> (artifact id: '6ae451bd476246415289b544cf2b0504') in 0.079488 seconds
  Import took 0.081877 seconds .

========================================================================
Received Import Request.
  Time since last request: 0.000180 seconds.
  path: Assets/Zombie/ZombieHQ_material4_Normal.png
  artifactKey: Guid(695a1ea4055ea724a9fe6f586b6f8b8f) Importer(815301076,1909f56bfc062723c751e8b465ee728b)
Start importing Assets/Zombie/ZombieHQ_material4_Normal.png using Guid(695a1ea4055ea724a9fe6f586b6f8b8f) Importer(815301076,1909f56bfc062723c751e8b465ee728b)  -> (artifact id: '7e229176c179f4203817d8e631599e2c') in 0.019755 seconds
  Import took 0.022580 seconds .

========================================================================
Received Import Request.
  Time since last request: 0.000273 seconds.
  path: Assets/Zombie/ZombieHQ_material2_Normal.png
  artifactKey: Guid(dc2f72bdfc98cd84aad52cfaa078767b) Importer(815301076,1909f56bfc062723c751e8b465ee728b)
Start importing Assets/Zombie/ZombieHQ_material2_Normal.png using Guid(dc2f72bdfc98cd84aad52cfaa078767b) Importer(815301076,1909f56bfc062723c751e8b465ee728b)  -> (artifact id: '594b2a0304ceb7c02d85e0423ca2036b') in 0.036629 seconds
  Import took 0.039815 seconds .

========================================================================
Received Import Request.
  Time since last request: 0.000173 seconds.
  path: Assets/Zombie/ZombieHQ_material4_Ambient.png
  artifactKey: Guid(c69d72f6d7d8ce441bf3c62474f67ee0) Importer(815301076,1909f56bfc062723c751e8b465ee728b)
Start importing Assets/Zombie/ZombieHQ_material4_Ambient.png using Guid(c69d72f6d7d8ce441bf3c62474f67ee0) Importer(815301076,1909f56bfc062723c751e8b465ee728b)  -> (artifact id: '074c5b7b9bddbedf1ef1edd28645880b') in 0.015503 seconds
  Import took 0.017781 seconds .

========================================================================
Received Import Request.
  Time since last request: 0.000187 seconds.
  path: Assets/Zombie/ZombieHQ_material5_SpecularSmoothness.png
  artifactKey: Guid(e402fb688ec666544a7ef9df891ecce3) Importer(815301076,1909f56bfc062723c751e8b465ee728b)
Start importing Assets/Zombie/ZombieHQ_material5_SpecularSmoothness.png using Guid(e402fb688ec666544a7ef9df891ecce3) Importer(815301076,1909f56bfc062723c751e8b465ee728b)  -> (artifact id: 'd3c8182cfa8ace8a3721a1e00a55bd6e') in 0.014581 seconds
  Import took 0.018035 seconds .

========================================================================
Received Import Request.
  Time since last request: 0.000232 seconds.
  path: Assets/Zombie/head.png
  artifactKey: Guid(4eab5551850a306429b4bdb1fb568fa2) Importer(815301076,1909f56bfc062723c751e8b465ee728b)
Start importing Assets/Zombie/head.png using Guid(4eab5551850a306429b4bdb1fb568fa2) Importer(815301076,1909f56bfc062723c751e8b465ee728b)  -> (artifact id: 'a9dad0e2f3a6505eeb7daddb37413db4') in 0.010980 seconds
  Import took 0.013296 seconds .

========================================================================
Received Import Request.
  Time since last request: 0.000180 seconds.
  path: Assets/Zombie/ZombieHQ_material3_AlbedoTransparency.png
  artifactKey: Guid(0681959c5e335c04693f0b935262bd8b) Importer(815301076,1909f56bfc062723c751e8b465ee728b)
Start importing Assets/Zombie/ZombieHQ_material3_AlbedoTransparency.png using Guid(0681959c5e335c04693f0b935262bd8b) Importer(815301076,1909f56bfc062723c751e8b465ee728b)  -> (artifact id: '067ca51e3db9020b06c3d654f63a5efc') in 0.015225 seconds
  Import took 0.017421 seconds .

========================================================================
Received Import Request.
  Time since last request: 0.000171 seconds.
  path: Assets/Zombie/ZombieHQ_material3_Normal.png
  artifactKey: Guid(e0bf1fec1bff6014f974eb150ea88a9c) Importer(815301076,1909f56bfc062723c751e8b465ee728b)
Start importing Assets/Zombie/ZombieHQ_material3_Normal.png using Guid(e0bf1fec1bff6014f974eb150ea88a9c) Importer(815301076,1909f56bfc062723c751e8b465ee728b)  -> (artifact id: 'a7b7b79f5dbbba7e423f41809838a001') in 0.012236 seconds
  Import took 0.014420 seconds .

========================================================================
Received Import Request.
  Time since last request: 0.000180 seconds.
  path: Assets/Zombie/ZombieHQ_material4_SpecularSmoothness.png
  artifactKey: Guid(93d91a99518976e46972d16af5434ebf) Importer(815301076,1909f56bfc062723c751e8b465ee728b)
Start importing Assets/Zombie/ZombieHQ_material4_SpecularSmoothness.png using Guid(93d91a99518976e46972d16af5434ebf) Importer(815301076,1909f56bfc062723c751e8b465ee728b)  -> (artifact id: 'ad28bfd50e2d89fe09eae9d919f022e9') in 0.007641 seconds
  Import took 0.010214 seconds .

========================================================================
Received Import Request.
  Time since last request: 0.000300 seconds.
  path: Assets/Zombie/ZombieRig.prefab
  artifactKey: Guid(016e7bf62a334b6408f97e97b5e49ec7) Importer(815301076,1909f56bfc062723c751e8b465ee728b)
Start importing Assets/Zombie/ZombieRig.prefab using Guid(016e7bf62a334b6408f97e97b5e49ec7) Importer(815301076,1909f56bfc062723c751e8b465ee728b)  -> (artifact id: '25cd7d726e3f09ed230fc03525744d69') in 0.097604 seconds
  Import took 0.100633 seconds .

========================================================================
Received Import Request.
  Time since last request: 0.000186 seconds.
  path: Assets/Zombie/ZombieHQ_material_SpecularSmoothness.png
  artifactKey: Guid(7606e79301f96b94283724c98af12b95) Importer(815301076,1909f56bfc062723c751e8b465ee728b)
Start importing Assets/Zombie/ZombieHQ_material_SpecularSmoothness.png using Guid(7606e79301f96b94283724c98af12b95) Importer(815301076,1909f56bfc062723c751e8b465ee728b)  -> (artifact id: '90b132a06d06760610a5ab08426e0785') in 0.008853 seconds
  Import took 0.011434 seconds .

========================================================================
Received Import Request.
  Time since last request: 0.000205 seconds.
  path: Assets/Zombie/ZombieHQ_material4_Albedo.png
  artifactKey: Guid(5f60206366258a44283d339cfc86fe36) Importer(815301076,1909f56bfc062723c751e8b465ee728b)
Start importing Assets/Zombie/ZombieHQ_material4_Albedo.png using Guid(5f60206366258a44283d339cfc86fe36) Importer(815301076,1909f56bfc062723c751e8b465ee728b)  -> (artifact id: '5b6c5c78d3d294e0879a7786f53ea516') in 0.014022 seconds
  Import took 0.017295 seconds .

========================================================================
Received Import Request.
  Time since last request: 0.000291 seconds.
  path: Assets/Zombie/ZombieHQ_material_AlbedoTransparency.png
  artifactKey: Guid(151ae436a1d801e4899d48bfb5a51b66) Importer(815301076,1909f56bfc062723c751e8b465ee728b)
Start importing Assets/Zombie/ZombieHQ_material_AlbedoTransparency.png using Guid(151ae436a1d801e4899d48bfb5a51b66) Importer(815301076,1909f56bfc062723c751e8b465ee728b)  -> (artifact id: 'e64fbff9e0ad00fd0cb926334c552067') in 0.011470 seconds
  Import took 0.013879 seconds .

========================================================================
Received Import Request.
  Time since last request: 0.000135 seconds.
  path: Assets/Zombie/ZombieHQ_material4_AlbedoTransparency.png
  artifactKey: Guid(128ba07b003881744906ecaf500ffda0) Importer(815301076,1909f56bfc062723c751e8b465ee728b)
Start importing Assets/Zombie/ZombieHQ_material4_AlbedoTransparency.png using Guid(128ba07b003881744906ecaf500ffda0) Importer(815301076,1909f56bfc062723c751e8b465ee728b)  -> (artifact id: 'da3923fafcbd9f0cab87d08d8abb0b09') in 0.014262 seconds
  Import took 0.016470 seconds .

========================================================================
Received Import Request.
  Time since last request: 0.000180 seconds.
  path: Assets/Zombie/PantsALpha1.png
  artifactKey: Guid(99d05c1d2e2e2894b8e5b0c896fe9158) Importer(815301076,1909f56bfc062723c751e8b465ee728b)
Start importing Assets/Zombie/PantsALpha1.png using Guid(99d05c1d2e2e2894b8e5b0c896fe9158) Importer(815301076,1909f56bfc062723c751e8b465ee728b)  -> (artifact id: 'b52de828a0de17aeef3b93cb4e1032f3') in 0.010438 seconds
  Import took 0.012562 seconds .

========================================================================
Received Import Request.
  Time since last request: 0.000176 seconds.
  path: Assets/Zombie/ZombieHQ_material5_AlbedoTransparency.png
  artifactKey: Guid(998b2830dc23b0a4ca3c2222f3189e5a) Importer(815301076,1909f56bfc062723c751e8b465ee728b)
Start importing Assets/Zombie/ZombieHQ_material5_AlbedoTransparency.png using Guid(998b2830dc23b0a4ca3c2222f3189e5a) Importer(815301076,1909f56bfc062723c751e8b465ee728b)  -> (artifact id: 'c16595c934e5c83db889b1ca07dca457') in 0.013671 seconds
  Import took 0.016092 seconds .

========================================================================
Received Import Request.
  Time since last request: 0.000150 seconds.
  path: Assets/Zombie/ZombieHQ_material3_SpecularSmoothness.png
  artifactKey: Guid(620a5d36ab23ed4469b5dd0130cc476b) Importer(815301076,1909f56bfc062723c751e8b465ee728b)
Start importing Assets/Zombie/ZombieHQ_material3_SpecularSmoothness.png using Guid(620a5d36ab23ed4469b5dd0130cc476b) Importer(815301076,1909f56bfc062723c751e8b465ee728b)  -> (artifact id: '7a3d219104072e180b737b9af0bd3ad4') in 0.012162 seconds
  Import took 0.014472 seconds .

========================================================================
Received Import Request.
  Time since last request: 0.000204 seconds.
  path: Assets/Zombie/ZombieHQ_material1_Normal.png
  artifactKey: Guid(3c364b9e825bbdf4fae1af569d4625c9) Importer(815301076,1909f56bfc062723c751e8b465ee728b)
Start importing Assets/Zombie/ZombieHQ_material1_Normal.png using Guid(3c364b9e825bbdf4fae1af569d4625c9) Importer(815301076,1909f56bfc062723c751e8b465ee728b)  -> (artifact id: 'b84b1f00417b92b74b96a4d2f14c63ae') in 0.011996 seconds
  Import took 0.014525 seconds .

========================================================================
Received Import Request.
  Time since last request: 0.000226 seconds.
  path: Assets/Zombie/ZombieHQ_material2_AlbedoTransparency.png
  artifactKey: Guid(6e9609c6db0464d4a8bd422bf2fcfa67) Importer(815301076,1909f56bfc062723c751e8b465ee728b)
Start importing Assets/Zombie/ZombieHQ_material2_AlbedoTransparency.png using Guid(6e9609c6db0464d4a8bd422bf2fcfa67) Importer(815301076,1909f56bfc062723c751e8b465ee728b)  -> (artifact id: '3f62a1a24537ccbce452354e60ca7b3a') in 0.014567 seconds
  Import took 0.016843 seconds .

========================================================================
Received Import Request.
  Time since last request: 0.000189 seconds.
  path: Assets/Zombie/ZombieHQ_material2_SpecularSmoothness.png
  artifactKey: Guid(e863a9f88e0d66340a36588dc183895c) Importer(815301076,1909f56bfc062723c751e8b465ee728b)
Start importing Assets/Zombie/ZombieHQ_material2_SpecularSmoothness.png using Guid(e863a9f88e0d66340a36588dc183895c) Importer(815301076,1909f56bfc062723c751e8b465ee728b)  -> (artifact id: '0a1ecca4fd8ecf34f8c5a436da33fe3b') in 0.010076 seconds
  Import took 0.012226 seconds .

========================================================================
Received Import Request.
  Time since last request: 0.000161 seconds.
  path: Assets/Zombie/ZombieHQ_material5_Ambient.png
  artifactKey: Guid(eb70aaf60ac05cc46bc17a6c29fa9c16) Importer(815301076,1909f56bfc062723c751e8b465ee728b)
Start importing Assets/Zombie/ZombieHQ_material5_Ambient.png using Guid(eb70aaf60ac05cc46bc17a6c29fa9c16) Importer(815301076,1909f56bfc062723c751e8b465ee728b)  -> (artifact id: '98f475ad15ec101a84e25fc403040e39') in 0.009742 seconds
  Import took 0.011780 seconds .

========================================================================
Received Import Request.
  Time since last request: 0.000179 seconds.
  path: Assets/Zombie/ZombieHQ_material3_Ambient.png
  artifactKey: Guid(db7bc194c1a8ce549bee814c383f4c9a) Importer(815301076,1909f56bfc062723c751e8b465ee728b)
Start importing Assets/Zombie/ZombieHQ_material3_Ambient.png using Guid(db7bc194c1a8ce549bee814c383f4c9a) Importer(815301076,1909f56bfc062723c751e8b465ee728b)  -> (artifact id: '249f7ad1b78db40f51678f1694c77efe') in 0.010518 seconds
  Import took 0.012721 seconds .

========================================================================
Received Import Request.
  Time since last request: 0.000167 seconds.
  path: Assets/Zombie/ZombieHQ_material5_Normal.png
  artifactKey: Guid(ebb0326825875774bb968bcb321a4450) Importer(815301076,1909f56bfc062723c751e8b465ee728b)
Start importing Assets/Zombie/ZombieHQ_material5_Normal.png using Guid(ebb0326825875774bb968bcb321a4450) Importer(815301076,1909f56bfc062723c751e8b465ee728b)  -> (artifact id: 'a658005137bc9d5c20cf7a13cdd4ca02') in 0.012561 seconds
  Import took 0.014557 seconds .

========================================================================
Received Import Request.
  Time since last request: 0.000206 seconds.
  path: Assets/Zombie/ZombieRig.fbx
  artifactKey: Guid(abfe6fc5a9b390a488839c1fc3b58dcd) Importer(815301076,1909f56bfc062723c751e8b465ee728b)
Start importing Assets/Zombie/ZombieRig.fbx using Guid(abfe6fc5a9b390a488839c1fc3b58dcd) Importer(815301076,1909f56bfc062723c751e8b465ee728b)  -> (artifact id: 'f55a8bfa9d5e36f69e1fbaa9c044fc3a') in 0.091860 seconds
  Import took 0.094603 seconds .

========================================================================
Received Import Request.
  Time since last request: 0.000172 seconds.
  path: Assets/Zombie/ZombieHQ_material1_SpecularSmoothness.png
  artifactKey: Guid(7162887a63702284c8edbf5fb6453dc1) Importer(815301076,1909f56bfc062723c751e8b465ee728b)
Start importing Assets/Zombie/ZombieHQ_material1_SpecularSmoothness.png using Guid(7162887a63702284c8edbf5fb6453dc1) Importer(815301076,1909f56bfc062723c751e8b465ee728b)  -> (artifact id: '62e51082332229105e456bccfd53fea2') in 0.006246 seconds
  Import took 0.008613 seconds .

========================================================================
Received Import Request.
  Time since last request: 0.000182 seconds.
  path: Assets/Zombie/ZombieHQ_material_Normal.png
  artifactKey: Guid(ea6af3ca700f73e4e889b63e1f03e2fd) Importer(815301076,1909f56bfc062723c751e8b465ee728b)
Start importing Assets/Zombie/ZombieHQ_material_Normal.png using Guid(ea6af3ca700f73e4e889b63e1f03e2fd) Importer(815301076,1909f56bfc062723c751e8b465ee728b)  -> (artifact id: 'a59c007773e7dfbb2dc0146298c8d1c8') in 0.017171 seconds
  Import took 0.019503 seconds .

========================================================================
Received Import Request.
  Time since last request: 0.000182 seconds.
  path: Assets/Zombie/ZombieHQ_material2_Ambient.png
  artifactKey: Guid(a758fcce7530d564b9a37bab98695a4f) Importer(815301076,1909f56bfc062723c751e8b465ee728b)
Start importing Assets/Zombie/ZombieHQ_material2_Ambient.png using Guid(a758fcce7530d564b9a37bab98695a4f) Importer(815301076,1909f56bfc062723c751e8b465ee728b)  -> (artifact id: '3e6a70be3adbe87bff6be75951c67a4a') in 0.013191 seconds
  Import took 0.015796 seconds .

========================================================================
Received Import Request.
  Time since last request: 2.492245 seconds.
  path: Assets/Zombie/zombieanim3.blend
  artifactKey: Guid(3e80fd31914a7ba47ada83d32c9440aa) Importer(815301076,1909f56bfc062723c751e8b465ee728b)
Start importing Assets/Zombie/zombieanim3.blend using Guid(3e80fd31914a7ba47ada83d32c9440aa) Importer(815301076,1909f56bfc062723c751e8b465ee728b)  -> (artifact id: '62a95b8bef00a3d97bffc489d622ae22') in 0.005613 seconds
  Import took 0.008281 seconds .

========================================================================
Received Import Request.
  Time since last request: 0.012718 seconds.
  path: Assets/Zombie/zombieanim3.blend
  artifactKey: Guid(3e80fd31914a7ba47ada83d32c9440aa) Importer(815301076,1909f56bfc062723c751e8b465ee728b)
Start importing Assets/Zombie/zombieanim3.blend using Guid(3e80fd31914a7ba47ada83d32c9440aa) Importer(815301076,1909f56bfc062723c751e8b465ee728b)  -> (artifact id: '62a95b8bef00a3d97bffc489d622ae22') in 0.003520 seconds
  Import took 0.006506 seconds .

========================================================================
Received Import Request.
  Time since last request: 1.087238 seconds.
  path: Assets/Zombie/zombieanim2.blend
  artifactKey: Guid(543ca5cf573d05f44940ed97f2a11500) Importer(815301076,1909f56bfc062723c751e8b465ee728b)
Start importing Assets/Zombie/zombieanim2.blend using Guid(543ca5cf573d05f44940ed97f2a11500) Importer(815301076,1909f56bfc062723c751e8b465ee728b)  -> (artifact id: '6f878f2494dfe15924fa6caba3d0114a') in 0.003612 seconds
  Import took 0.006882 seconds .

========================================================================
Received Import Request.
  Time since last request: 9.657790 seconds.
  path: Assets/Zombie/zombieanim4.blend
  artifactKey: Guid(040e5148f7dc9ba4cb76fe510f035266) Importer(815301076,1909f56bfc062723c751e8b465ee728b)
Start importing Assets/Zombie/zombieanim4.blend using Guid(040e5148f7dc9ba4cb76fe510f035266) Importer(815301076,1909f56bfc062723c751e8b465ee728b)  -> (artifact id: 'd96756a3da7176cd4a70becb01f72e53') in 0.002708 seconds
  Import took 0.005200 seconds .

========================================================================
Received Import Request.
  Time since last request: 52.320729 seconds.
  path: Assets/Zombie/zombieanim5.blend
  artifactKey: Guid(a8854cd0700b8f74f942db9c771067fe) Importer(815301076,1909f56bfc062723c751e8b465ee728b)
Start importing Assets/Zombie/zombieanim5.blend using Guid(a8854cd0700b8f74f942db9c771067fe) Importer(815301076,1909f56bfc062723c751e8b465ee728b)  -> (artifact id: '7d730b6bd38abc5a6230d3ba3e4327c7') in 0.008343 seconds
  Import took 0.010964 seconds .

========================================================================
Received Import Request.
  Time since last request: 47.699441 seconds.
  path: Assets/Zombie/zombieanim4.blend
  artifactKey: Guid(040e5148f7dc9ba4cb76fe510f035266) Importer(815301076,1909f56bfc062723c751e8b465ee728b)
Start importing Assets/Zombie/zombieanim4.blend using Guid(040e5148f7dc9ba4cb76fe510f035266) Importer(815301076,1909f56bfc062723c751e8b465ee728b)  -> (artifact id: '59c25ad753ff7d194a23a393eacafde1') in 0.003375 seconds
  Import took 0.006241 seconds .

========================================================================
Received Import Request.
  Time since last request: 0.002102 seconds.
  path: Assets/Zombie/zombieanim4.blend
  artifactKey: Guid(040e5148f7dc9ba4cb76fe510f035266) Importer(815301076,1909f56bfc062723c751e8b465ee728b)
Start importing Assets/Zombie/zombieanim4.blend using Guid(040e5148f7dc9ba4cb76fe510f035266) Importer(815301076,1909f56bfc062723c751e8b465ee728b)  -> (artifact id: '59c25ad753ff7d194a23a393eacafde1') in 0.003037 seconds
  Import took 0.006129 seconds .

========================================================================
Received Import Request.
  Time since last request: 66.789070 seconds.
  path: Assets/Zombie/Materials
  artifactKey: Guid(37e60e08c75eae44b93d598a3bb10f05) Importer(815301076,1909f56bfc062723c751e8b465ee728b)
Start importing Assets/Zombie/Materials using Guid(37e60e08c75eae44b93d598a3bb10f05) Importer(815301076,1909f56bfc062723c751e8b465ee728b)  -> (artifact id: 'f25fc311a10f7baffa665a858df9982f') in 0.002688 seconds
  Import took 0.006098 seconds .

========================================================================
Received Import Request.
  Time since last request: 5.410728 seconds.
  path: Assets/Animation
  artifactKey: Guid(58f88e3e130e9ea46b9f36edd165feb7) Importer(815301076,1909f56bfc062723c751e8b465ee728b)
Start importing Assets/Animation using Guid(58f88e3e130e9ea46b9f36edd165feb7) Importer(815301076,1909f56bfc062723c751e8b465ee728b)  -> (artifact id: 'f1eb6d32d35bc74c0d5c1db9c4e305ac') in 0.014184 seconds
  Import took 0.017645 seconds .

========================================================================
Received Import Request.
  Time since last request: 0.004668 seconds.
  path: Assets/Animation
  artifactKey: Guid(58f88e3e130e9ea46b9f36edd165feb7) Importer(815301076,1909f56bfc062723c751e8b465ee728b)
Start importing Assets/Animation using Guid(58f88e3e130e9ea46b9f36edd165feb7) Importer(815301076,1909f56bfc062723c751e8b465ee728b)  -> (artifact id: 'f1eb6d32d35bc74c0d5c1db9c4e305ac') in 0.002786 seconds
  Import took 0.005442 seconds .

========================================================================
Received Import Request.
  Time since last request: 1.079189 seconds.
  path: Assets/Animation/Zombie Animation.anim
  artifactKey: Guid(68de226a2b3257e488c6866725f61e99) Importer(815301076,1909f56bfc062723c751e8b465ee728b)
Start importing Assets/Animation/Zombie Animation.anim using Guid(68de226a2b3257e488c6866725f61e99) Importer(815301076,1909f56bfc062723c751e8b465ee728b)  -> (artifact id: '8472b45d68bda326e6fdfdc03790664e') in 0.013563 seconds
  Import took 0.016282 seconds .

========================================================================
Received Import Request.
  Time since last request: 0.005976 seconds.
  path: Assets/Animation/Zombie Animation.anim
  artifactKey: Guid(68de226a2b3257e488c6866725f61e99) Importer(815301076,1909f56bfc062723c751e8b465ee728b)
Start importing Assets/Animation/Zombie Animation.anim using Guid(68de226a2b3257e488c6866725f61e99) Importer(815301076,1909f56bfc062723c751e8b465ee728b)  -> (artifact id: '8472b45d68bda326e6fdfdc03790664e') in 0.004404 seconds
  Import took 0.006979 seconds .

========================================================================
Received Import Request.
  Time since last request: 9.609745 seconds.
  path: Assets/Scenes/SampleScene.unity
  artifactKey: Guid(9fc0d4010bbf28b4594072e72b8655ab) Importer(815301076,1909f56bfc062723c751e8b465ee728b)
Start importing Assets/Scenes/SampleScene.unity using Guid(9fc0d4010bbf28b4594072e72b8655ab) Importer(815301076,1909f56bfc062723c751e8b465ee728b)  -> (artifact id: '9a0c7bd3eade52b464e03a3fa19ccb01') in 0.010461 seconds
  Import took 0.013213 seconds .

========================================================================
Received Import Request.
  Time since last request: 33.234927 seconds.
  path: Assets/Zombie/Materials/blue shirt.mat
  artifactKey: Guid(810837c91db7b4d4184a56dad0a59405) Importer(815301076,1909f56bfc062723c751e8b465ee728b)
Start importing Assets/Zombie/Materials/blue shirt.mat using Guid(810837c91db7b4d4184a56dad0a59405) Importer(815301076,1909f56bfc062723c751e8b465ee728b)  -> (artifact id: 'b65d4397b15a982aa5bd5e224386e636') in 0.037884 seconds
  Import took 0.040811 seconds .

========================================================================
Received Import Request.
  Time since last request: 0.000210 seconds.
  path: Assets/Zombie/Materials/material.003.mat
  artifactKey: Guid(d56403f38c9dac8488e18148e65a9df1) Importer(815301076,1909f56bfc062723c751e8b465ee728b)
Start importing Assets/Zombie/Materials/material.003.mat using Guid(d56403f38c9dac8488e18148e65a9df1) Importer(815301076,1909f56bfc062723c751e8b465ee728b)  -> (artifact id: 'f46739823cbecdd0eb588bf7e97c2cc5') in 0.016948 seconds
  Import took 0.020606 seconds .

========================================================================
Received Import Request.
  Time since last request: 0.000164 seconds.
  path: Assets/Zombie/Materials/ZombieHQ_material1_Normal.mat
  artifactKey: Guid(bae366f093c851445bb3416f291ada2d) Importer(815301076,1909f56bfc062723c751e8b465ee728b)
Start importing Assets/Zombie/Materials/ZombieHQ_material1_Normal.mat using Guid(bae366f093c851445bb3416f291ada2d) Importer(815301076,1909f56bfc062723c751e8b465ee728b)  -> (artifact id: '37dc9f63bcaf2bcafbd62e9bfbbc3050') in 0.014298 seconds
  Import took 0.016760 seconds .

========================================================================
Received Import Request.
  Time since last request: 0.000176 seconds.
  path: Assets/Zombie/Materials/ZombieHQ_material2_SpecularSmoothness.mat
  artifactKey: Guid(024f6153963748c47b03117d196cfc7c) Importer(815301076,1909f56bfc062723c751e8b465ee728b)
Start importing Assets/Zombie/Materials/ZombieHQ_material2_SpecularSmoothness.mat using Guid(024f6153963748c47b03117d196cfc7c) Importer(815301076,1909f56bfc062723c751e8b465ee728b)  -> (artifact id: '90113c018b6ddbd158e6ba0d6ca1e940') in 0.015459 seconds
  Import took 0.018058 seconds .

========================================================================
Received Import Request.
  Time since last request: 0.000206 seconds.
  path: Assets/Zombie/Materials/ZombieHQ_material4_AlbedoTransparency.mat
  artifactKey: Guid(a6ce43fec291f634fb259894a5ac9612) Importer(815301076,1909f56bfc062723c751e8b465ee728b)
Start importing Assets/Zombie/Materials/ZombieHQ_material4_AlbedoTransparency.mat using Guid(a6ce43fec291f634fb259894a5ac9612) Importer(815301076,1909f56bfc062723c751e8b465ee728b)  -> (artifact id: '94f6fa86735075a7acc6636e09a599b0') in 0.017285 seconds
  Import took 0.019938 seconds .

========================================================================
Received Import Request.
  Time since last request: 0.000256 seconds.
  path: Assets/Zombie/Materials/material.mat
  artifactKey: Guid(1d124de7692a06d4891fbe5914ca0975) Importer(815301076,1909f56bfc062723c751e8b465ee728b)
Start importing Assets/Zombie/Materials/material.mat using Guid(1d124de7692a06d4891fbe5914ca0975) Importer(815301076,1909f56bfc062723c751e8b465ee728b)  -> (artifact id: '26833a185e60b6f43744cd35d3087033') in 0.015534 seconds
  Import took 0.018073 seconds .

========================================================================
Received Import Request.
  Time since last request: 0.000190 seconds.
  path: Assets/Zombie/Materials/ZombieHQ_material_Normal.mat
  artifactKey: Guid(0f9d61d2e2f9ab1448a759115e0ea162) Importer(815301076,1909f56bfc062723c751e8b465ee728b)
Start importing Assets/Zombie/Materials/ZombieHQ_material_Normal.mat using Guid(0f9d61d2e2f9ab1448a759115e0ea162) Importer(815301076,1909f56bfc062723c751e8b465ee728b)  -> (artifact id: '65343d675f9b00aba615ad5df822490e') in 0.017497 seconds
  Import took 0.019999 seconds .

========================================================================
Received Import Request.
  Time since last request: 0.000193 seconds.
  path: Assets/Zombie/Materials/ZombieHQ_material2_Normal.mat
  artifactKey: Guid(79e9b7ad70efd184cb7be1bcfd807b9a) Importer(815301076,1909f56bfc062723c751e8b465ee728b)
Start importing Assets/Zombie/Materials/ZombieHQ_material2_Normal.mat using Guid(79e9b7ad70efd184cb7be1bcfd807b9a) Importer(815301076,1909f56bfc062723c751e8b465ee728b)  -> (artifact id: '2015808d0eb19f1e9fdc798a4314722b') in 0.018286 seconds
  Import took 0.020982 seconds .

========================================================================
Received Import Request.
  Time since last request: 0.000188 seconds.
  path: Assets/Zombie/Materials/ZombieHQ_material5_Normal.mat
  artifactKey: Guid(eba9ad47f7e9fb84e9dd1fa4a30e19c4) Importer(815301076,1909f56bfc062723c751e8b465ee728b)
Start importing Assets/Zombie/Materials/ZombieHQ_material5_Normal.mat using Guid(eba9ad47f7e9fb84e9dd1fa4a30e19c4) Importer(815301076,1909f56bfc062723c751e8b465ee728b)  -> (artifact id: '73f47089e76b01e10a8e6d5f141b6bee') in 0.018555 seconds
  Import took 0.021056 seconds .

========================================================================
Received Import Request.
  Time since last request: 0.000206 seconds.
  path: Assets/Zombie/Materials/ZombieHQ_material4_Normal.mat
  artifactKey: Guid(be9f3c2a7dc78e6418aa9a27859220f0) Importer(815301076,1909f56bfc062723c751e8b465ee728b)
Start importing Assets/Zombie/Materials/ZombieHQ_material4_Normal.mat using Guid(be9f3c2a7dc78e6418aa9a27859220f0) Importer(815301076,1909f56bfc062723c751e8b465ee728b)  -> (artifact id: '2fb3b8bf4a2c3df53dcb6fa21e73ee86') in 0.014952 seconds
  Import took 0.017957 seconds .

========================================================================
Received Import Request.
  Time since last request: 0.000183 seconds.
  path: Assets/Zombie/Materials/material.001.mat
  artifactKey: Guid(4f7dd35b97b0ca8498b0839be5ef4ca6) Importer(815301076,1909f56bfc062723c751e8b465ee728b)
Start importing Assets/Zombie/Materials/material.001.mat using Guid(4f7dd35b97b0ca8498b0839be5ef4ca6) Importer(815301076,1909f56bfc062723c751e8b465ee728b)  -> (artifact id: 'fa778fe672fb0a9375ae75895e5e43c0') in 0.017581 seconds
  Import took 0.020195 seconds .

========================================================================
Received Import Request.
  Time since last request: 0.000207 seconds.
  path: Assets/Zombie/Materials/ZombieHQ_material4_Albedo.mat
  artifactKey: Guid(7fb5b7b4daec2254baa1da46b77a079d) Importer(815301076,1909f56bfc062723c751e8b465ee728b)
Start importing Assets/Zombie/Materials/ZombieHQ_material4_Albedo.mat using Guid(7fb5b7b4daec2254baa1da46b77a079d) Importer(815301076,1909f56bfc062723c751e8b465ee728b)  -> (artifact id: 'af58213114b2f9a0d05c73e39d3233e6') in 0.019825 seconds
  Import took 0.022779 seconds .

========================================================================
Received Import Request.
  Time since last request: 0.000235 seconds.
  path: Assets/Zombie/Materials/ZombieHQ_material5_SpecularSmoothness.mat
  artifactKey: Guid(3ed802ef5db741f43b51dbc669030c47) Importer(815301076,1909f56bfc062723c751e8b465ee728b)
Start importing Assets/Zombie/Materials/ZombieHQ_material5_SpecularSmoothness.mat using Guid(3ed802ef5db741f43b51dbc669030c47) Importer(815301076,1909f56bfc062723c751e8b465ee728b)  -> (artifact id: 'ddb1ce6289a9afbbe69a1ed60817e84c') in 0.014342 seconds
  Import took 0.017144 seconds .

========================================================================
Received Import Request.
  Time since last request: 0.000297 seconds.
  path: Assets/Zombie/Materials/ZombieHQ_material3_Normal.mat
  artifactKey: Guid(75197a6b856efe9419994c1c3ea37a48) Importer(815301076,1909f56bfc062723c751e8b465ee728b)
Start importing Assets/Zombie/Materials/ZombieHQ_material3_Normal.mat using Guid(75197a6b856efe9419994c1c3ea37a48) Importer(815301076,1909f56bfc062723c751e8b465ee728b)  -> (artifact id: 'f050cd565b82fe9380e9882be00c5ba6') in 0.017098 seconds
  Import took 0.019951 seconds .

========================================================================
Received Import Request.
  Time since last request: 0.000183 seconds.
  path: Assets/Zombie/Materials/head.mat
  artifactKey: Guid(1338d15e274a0914fb9037bc6fb42775) Importer(815301076,1909f56bfc062723c751e8b465ee728b)
Start importing Assets/Zombie/Materials/head.mat using Guid(1338d15e274a0914fb9037bc6fb42775) Importer(815301076,1909f56bfc062723c751e8b465ee728b)  -> (artifact id: 'e57fe67818478a1099fde7b4b752a13c') in 0.015086 seconds
  Import took 0.017575 seconds .

========================================================================
Received Import Request.
  Time since last request: 0.000174 seconds.
  path: Assets/Zombie/Materials/ZombieHQ_material1_SpecularSmoothness.mat
  artifactKey: Guid(98606dce907cdd6438646713fd965e45) Importer(815301076,1909f56bfc062723c751e8b465ee728b)
Start importing Assets/Zombie/Materials/ZombieHQ_material1_SpecularSmoothness.mat using Guid(98606dce907cdd6438646713fd965e45) Importer(815301076,1909f56bfc062723c751e8b465ee728b)  -> (artifact id: '00c30adc8d48e6d2be9c38ca5d5820ab') in 0.014232 seconds
  Import took 0.016956 seconds .

========================================================================
Received Import Request.
  Time since last request: 0.000208 seconds.
  path: Assets/Zombie/Materials/RetopoPantsUV_TXTR.mat
  artifactKey: Guid(69f7719c2bd8a6540bb130ebffc99fcd) Importer(815301076,1909f56bfc062723c751e8b465ee728b)
Start importing Assets/Zombie/Materials/RetopoPantsUV_TXTR.mat using Guid(69f7719c2bd8a6540bb130ebffc99fcd) Importer(815301076,1909f56bfc062723c751e8b465ee728b)  -> (artifact id: '51fdd7ff15356a127d4135ca1913211f') in 0.013718 seconds
  Import took 0.016317 seconds .

========================================================================
Received Import Request.
  Time since last request: 0.000210 seconds.
  path: Assets/Zombie/Materials/ZombieHQ_material3_AlbedoTransparency.mat
  artifactKey: Guid(3ca6ab0046da1584aa3adccab9de2623) Importer(815301076,1909f56bfc062723c751e8b465ee728b)
Start importing Assets/Zombie/Materials/ZombieHQ_material3_AlbedoTransparency.mat using Guid(3ca6ab0046da1584aa3adccab9de2623) Importer(815301076,1909f56bfc062723c751e8b465ee728b)  -> (artifact id: 'e26a7d548e74778d485acf7f520d27bb') in 0.014763 seconds
  Import took 0.017657 seconds .

========================================================================
Received Import Request.
  Time since last request: 0.000188 seconds.
  path: Assets/Zombie/Materials/PantsALpha1.mat
  artifactKey: Guid(6701dbcaed3d05c479073a4bd982501f) Importer(815301076,1909f56bfc062723c751e8b465ee728b)
Start importing Assets/Zombie/Materials/PantsALpha1.mat using Guid(6701dbcaed3d05c479073a4bd982501f) Importer(815301076,1909f56bfc062723c751e8b465ee728b)  -> (artifact id: '74bc73331c48136e8f2f93da24c9e015') in 0.009657 seconds
  Import took 0.012416 seconds .

========================================================================
Received Import Request.
  Time since last request: 0.000199 seconds.
  path: Assets/Zombie/Materials/ZombieHQ_material5_Ambient.mat
  artifactKey: Guid(d84463372e931c4408d0f2875649da6b) Importer(815301076,1909f56bfc062723c751e8b465ee728b)
Start importing Assets/Zombie/Materials/ZombieHQ_material5_Ambient.mat using Guid(d84463372e931c4408d0f2875649da6b) Importer(815301076,1909f56bfc062723c751e8b465ee728b)  -> (artifact id: 'a2cabbf144f7849fee9ea645fb999c0a') in 0.014350 seconds
  Import took 0.017364 seconds .

========================================================================
Received Import Request.
  Time since last request: 0.000173 seconds.
  path: Assets/Zombie/Materials/material.002.mat
  artifactKey: Guid(cea1ddb23a509a744b1e84cdbe208b1b) Importer(815301076,1909f56bfc062723c751e8b465ee728b)
Start importing Assets/Zombie/Materials/material.002.mat using Guid(cea1ddb23a509a744b1e84cdbe208b1b) Importer(815301076,1909f56bfc062723c751e8b465ee728b)  -> (artifact id: '2c64dfec1d9f6c016b873c058a5f6172') in 0.008404 seconds
  Import took 0.010943 seconds .

========================================================================
Received Import Request.
  Time since last request: 0.000178 seconds.
  path: Assets/Zombie/Materials/ZombieHQ_material_AlbedoTransparency.mat
  artifactKey: Guid(11deda9a2ce04bf47a65f12b3fe4f41a) Importer(815301076,1909f56bfc062723c751e8b465ee728b)
Start importing Assets/Zombie/Materials/ZombieHQ_material_AlbedoTransparency.mat using Guid(11deda9a2ce04bf47a65f12b3fe4f41a) Importer(815301076,1909f56bfc062723c751e8b465ee728b)  -> (artifact id: 'eb69f72df4be1204b469489932b26ba5') in 0.016401 seconds
  Import took 0.019298 seconds .

========================================================================
Received Import Request.
  Time since last request: 0.000185 seconds.
  path: Assets/Zombie/Materials/ZombieHQ_material_SpecularSmoothness.mat
  artifactKey: Guid(7bb881758e1443e4d81e098297ec4cca) Importer(815301076,1909f56bfc062723c751e8b465ee728b)
Start importing Assets/Zombie/Materials/ZombieHQ_material_SpecularSmoothness.mat using Guid(7bb881758e1443e4d81e098297ec4cca) Importer(815301076,1909f56bfc062723c751e8b465ee728b)  -> (artifact id: '124b476dd2367e8ec33cb07e719ffa40') in 0.014115 seconds
  Import took 0.016589 seconds .

========================================================================
Received Import Request.
  Time since last request: 0.000179 seconds.
  path: Assets/Zombie/Materials/material.005.mat
  artifactKey: Guid(5c58162bb014ebb4a9c8f7de54db385b) Importer(815301076,1909f56bfc062723c751e8b465ee728b)
Start importing Assets/Zombie/Materials/material.005.mat using Guid(5c58162bb014ebb4a9c8f7de54db385b) Importer(815301076,1909f56bfc062723c751e8b465ee728b)  -> (artifact id: '5e574812565afc3fdbe0dcbe6be4c070') in 0.019980 seconds
  Import took 0.022947 seconds .

========================================================================
Received Import Request.
  Time since last request: 0.000217 seconds.
  path: Assets/Zombie/Materials/ZombieHQ_material5_AlbedoTransparency.mat
  artifactKey: Guid(8037d301b260d214fbea59e83e088904) Importer(815301076,1909f56bfc062723c751e8b465ee728b)
Start importing Assets/Zombie/Materials/ZombieHQ_material5_AlbedoTransparency.mat using Guid(8037d301b260d214fbea59e83e088904) Importer(815301076,1909f56bfc062723c751e8b465ee728b)  -> (artifact id: 'f728671ae3fa1c8cb2d5be25da9402ef') in 0.016370 seconds
  Import took 0.019245 seconds .

========================================================================
Received Import Request.
  Time since last request: 0.000147 seconds.
  path: Assets/Zombie/Materials/ZombieHQ_material2_AlbedoTransparency.mat
  artifactKey: Guid(b0c58c7151c859241819aa7c58caf242) Importer(815301076,1909f56bfc062723c751e8b465ee728b)
Start importing Assets/Zombie/Materials/ZombieHQ_material2_AlbedoTransparency.mat using Guid(b0c58c7151c859241819aa7c58caf242) Importer(815301076,1909f56bfc062723c751e8b465ee728b)  -> (artifact id: 'c995aab06198474bbf231537ab9b8182') in 0.016732 seconds
  Import took 0.019331 seconds .

========================================================================
Received Prepare
Registering precompiled user dll's ...
Registered in 0.001045 seconds.
Begin MonoManager ReloadAssembly
Native extension for WindowsStandalone target not found
Refreshing native plugins compatible for Editor in 0.28 ms, found 0 plugins.
Preloading 0 native plugins for Editor in 0.00 ms.
Invoked RoslynAnalysisRunner static constructor.
RoslynAnalysisRunner will not be running.
RoslynAnalysisRunner has terminated.
Mono: successfully reloaded assembly
- Completed reload, in  0.951 seconds
Platform modules already initialized, skipping
Refreshing native plugins compatible for Editor in 0.25 ms, found 0 plugins.
Preloading 0 native plugins for Editor in 0.00 ms.
Unloading 1249 Unused Serialized files (Serialized files now loaded: 0)
System memory in use before: 80.8 MB.
System memory in use after: 80.9 MB.

Unloading 10 unused Assets to reduce memory usage. Loaded Objects now: 1756.
Total: 2.080500 ms (FindLiveObjects: 0.187300 ms CreateObjectMapping: 0.038900 ms MarkObjects: 1.781100 ms  DeleteObjects: 0.072100 ms)

========================================================================
Received Prepare
Registering precompiled user dll's ...
Registered in 0.000689 seconds.
Begin MonoManager ReloadAssembly
Native extension for WindowsStandalone target not found
Refreshing native plugins compatible for Editor in 0.30 ms, found 0 plugins.
Preloading 0 native plugins for Editor in 0.00 ms.
Invoked RoslynAnalysisRunner static constructor.
RoslynAnalysisRunner will not be running.
RoslynAnalysisRunner has terminated.
Mono: successfully reloaded assembly
- Completed reload, in  0.971 seconds
Platform modules already initialized, skipping
Refreshing native plugins compatible for Editor in 0.27 ms, found 0 plugins.
Preloading 0 native plugins for Editor in 0.00 ms.
Unloading 1254 Unused Serialized files (Serialized files now loaded: 0)
System memory in use before: 80.9 MB.
System memory in use after: 81.0 MB.

Unloading 5 unused Assets to reduce memory usage. Loaded Objects now: 1764.
Total: 2.164600 ms (FindLiveObjects: 0.197600 ms CreateObjectMapping: 0.044100 ms MarkObjects: 1.858700 ms  DeleteObjects: 0.062000 ms)

========================================================================
Received Import Request.
  Time since last request: 346.061288 seconds.
  path: Assets/Zombie/zombieanim4.blend
  artifactKey: Guid(040e5148f7dc9ba4cb76fe510f035266) Importer(815301076,1909f56bfc062723c751e8b465ee728b)
Start importing Assets/Zombie/zombieanim4.blend using Guid(040e5148f7dc9ba4cb76fe510f035266) Importer(815301076,1909f56bfc062723c751e8b465ee728b)  -> (artifact id: '32a169f673abe7b9829bd30824384979') in 0.015292 seconds
  Import took 0.018236 seconds .

========================================================================
Received Import Request.
  Time since last request: 154.678293 seconds.
  path: Assets/Zombie/zombieanim4.blend
  artifactKey: Guid(040e5148f7dc9ba4cb76fe510f035266) Importer(815301076,1909f56bfc062723c751e8b465ee728b)
Start importing Assets/Zombie/zombieanim4.blend using Guid(040e5148f7dc9ba4cb76fe510f035266) Importer(815301076,1909f56bfc062723c751e8b465ee728b)  -> (artifact id: '031169f622b7752afdf8396de229f67f') in 0.185923 seconds
  Import took 0.189408 seconds .

========================================================================
Received Import Request.
  Time since last request: 31.358700 seconds.
  path: Assets/Zombie/zombieanim4.blend
  artifactKey: Guid(040e5148f7dc9ba4cb76fe510f035266) Importer(815301076,1909f56bfc062723c751e8b465ee728b)
Start importing Assets/Zombie/zombieanim4.blend using Guid(040e5148f7dc9ba4cb76fe510f035266) Importer(815301076,1909f56bfc062723c751e8b465ee728b)  -> (artifact id: '8cbcedc08582d30847155af3a1010d09') in 0.092133 seconds
  Import took 0.095112 seconds .

========================================================================
Received Import Request.
  Time since last request: 228.548101 seconds.
  path: Assets/Zombie/zombieanim4.blend
  artifactKey: Guid(040e5148f7dc9ba4cb76fe510f035266) Importer(815301076,1909f56bfc062723c751e8b465ee728b)
Start importing Assets/Zombie/zombieanim4.blend using Guid(040e5148f7dc9ba4cb76fe510f035266) Importer(815301076,1909f56bfc062723c751e8b465ee728b)  -> (artifact id: '0513a78c9723b376edfeca8da9446b9f') in 0.088129 seconds
  Import took 0.091289 seconds .

========================================================================
Received Prepare
Registering precompiled user dll's ...
Registered in 0.000631 seconds.
Begin MonoManager ReloadAssembly
Native extension for WindowsStandalone target not found
Refreshing native plugins compatible for Editor in 0.28 ms, found 0 plugins.
Preloading 0 native plugins for Editor in 0.00 ms.
Invoked RoslynAnalysisRunner static constructor.
RoslynAnalysisRunner will not be running.
RoslynAnalysisRunner has terminated.
Mono: successfully reloaded assembly
- Completed reload, in  0.909 seconds
Platform modules already initialized, skipping
Refreshing native plugins compatible for Editor in 0.26 ms, found 0 plugins.
Preloading 0 native plugins for Editor in 0.00 ms.
Unloading 1254 Unused Serialized files (Serialized files now loaded: 0)
System memory in use before: 81.0 MB.
System memory in use after: 81.1 MB.

Unloading 5 unused Assets to reduce memory usage. Loaded Objects now: 1768.
Total: 2.010200 ms (FindLiveObjects: 0.191700 ms CreateObjectMapping: 0.037000 ms MarkObjects: 1.721500 ms  DeleteObjects: 0.059200 ms)

========================================================================
Received Import Request.
  Time since last request: 307.140370 seconds.
  path: Assets/Animation/Zombie Animator.controller
  artifactKey: Guid(a99064d0e780c7c45b590c7c1c73d373) Importer(815301076,1909f56bfc062723c751e8b465ee728b)
Start importing Assets/Animation/Zombie Animator.controller using Guid(a99064d0e780c7c45b590c7c1c73d373) Importer(815301076,1909f56bfc062723c751e8b465ee728b)  -> (artifact id: 'a147f58de8e47a4ac53c225fa4912f5f') in 0.026766 seconds
  Import took 0.029878 seconds .

========================================================================
Received Prepare
Registering precompiled user dll's ...
Registered in 0.000671 seconds.
Begin MonoManager ReloadAssembly
Native extension for WindowsStandalone target not found
Refreshing native plugins compatible for Editor in 0.34 ms, found 0 plugins.
Preloading 0 native plugins for Editor in 0.00 ms.
Invoked RoslynAnalysisRunner static constructor.
RoslynAnalysisRunner will not be running.
RoslynAnalysisRunner has terminated.
Mono: successfully reloaded assembly
- Completed reload, in  0.915 seconds
Platform modules already initialized, skipping
Refreshing native plugins compatible for Editor in 0.26 ms, found 0 plugins.
Preloading 0 native plugins for Editor in 0.00 ms.
Unloading 1254 Unused Serialized files (Serialized files now loaded: 0)
System memory in use before: 81.1 MB.
System memory in use after: 81.1 MB.

Unloading 5 unused Assets to reduce memory usage. Loaded Objects now: 1771.
Total: 2.279700 ms (FindLiveObjects: 0.220300 ms CreateObjectMapping: 0.030300 ms MarkObjects: 1.960500 ms  DeleteObjects: 0.067400 ms)

========================================================================
Received Prepare
Registering precompiled user dll's ...
Registered in 0.001556 seconds.
Begin MonoManager ReloadAssembly
Native extension for WindowsStandalone target not found
Refreshing native plugins compatible for Editor in 0.26 ms, found 0 plugins.
Preloading 0 native plugins for Editor in 0.00 ms.
Invoked RoslynAnalysisRunner static constructor.
RoslynAnalysisRunner will not be running.
RoslynAnalysisRunner has terminated.
Mono: successfully reloaded assembly
- Completed reload, in  0.945 seconds
Platform modules already initialized, skipping
Refreshing native plugins compatible for Editor in 0.33 ms, found 0 plugins.
Preloading 0 native plugins for Editor in 0.00 ms.
Unloading 1254 Unused Serialized files (Serialized files now loaded: 0)
System memory in use before: 81.0 MB.
System memory in use after: 81.1 MB.

Unloading 5 unused Assets to reduce memory usage. Loaded Objects now: 1774.
Total: 2.430200 ms (FindLiveObjects: 0.181400 ms CreateObjectMapping: 0.032400 ms MarkObjects: 2.156200 ms  DeleteObjects: 0.058900 ms)

