Using pre-set license
Built from '2020.3/release' branch; Version is '2020.3.1f1 (77a89f25062f) revision 7841951'; Using compiler version '192528614'; Build Type 'Release'
OS: 'Windows 10 Home; OS build 19041.867; Version 2004; 64bit' Language: 'en' Physical Memory: 16335 MB
BatchMode: 1, IsHumanControllingUs: 0, StartBugReporterOnCrash: 0, Is64bit: 1, IsPro: 0

 COMMAND LINE ARGUMENTS:
C:\Program Files\Unity\Hub\Editor\2020.3.1f1\Editor\Unity.exe
-adb2
-batchMode
-noUpm
-name
AssetImportWorker0
-projectPath
D:/Documents/Dad/GitHub/Programming-Theory-/Programming theory project
-logFile
Logs/AssetImportWorker0.log
-srvPort
63636
Successfully changed project path to: D:/Documents/Dad/GitHub/Programming-Theory-/Programming theory project
D:/Documents/Dad/GitHub/Programming-Theory-/Programming theory project
Using Asset Import Pipeline V2.
Refreshing native plugins compatible for Editor in 32.26 ms, found 0 plugins.
Preloading 0 native plugins for Editor in 0.00 ms.
Initialize engine version: 2020.3.1f1 (77a89f25062f)
[Subsystems] Discovering subsystems at path C:/Program Files/Unity/Hub/Editor/2020.3.1f1/Editor/Data/Resources/UnitySubsystems
[Subsystems] Discovering subsystems at path D:/Documents/Dad/GitHub/Programming-Theory-/Programming theory project/Assets
GfxDevice: creating device client; threaded=0
Direct3D:
    Version:  Direct3D 11.0 [level 11.0]
    Renderer: NVIDIA GeForce GTX 780 Ti (ID=0x100a)
    Vendor:   
    VRAM:     3029 MB
    Driver:   27.21.14.5671
Initialize mono
Mono path[0] = 'C:/Program Files/Unity/Hub/Editor/2020.3.1f1/Editor/Data/Managed'
Mono path[1] = 'C:/Program Files/Unity/Hub/Editor/2020.3.1f1/Editor/Data/MonoBleedingEdge/lib/mono/unityjit'
Mono config path = 'C:/Program Files/Unity/Hub/Editor/2020.3.1f1/Editor/Data/MonoBleedingEdge/etc'
Using monoOptions --debugger-agent=transport=dt_socket,embedding=1,server=y,suspend=n,address=127.0.0.1:56800
Begin MonoManager ReloadAssembly
Registering precompiled unity dll's ...
Register platform support module: C:/Program Files/Unity/Hub/Editor/2020.3.1f1/Editor/Data/PlaybackEngines/WindowsStandaloneSupport/UnityEditor.WindowsStandalone.Extensions.dll
Registered in 0.002613 seconds.
Native extension for WindowsStandalone target not found
Refreshing native plugins compatible for Editor in 32.32 ms, found 0 plugins.
Preloading 0 native plugins for Editor in 0.00 ms.
Invoked RoslynAnalysisRunner static constructor.
RoslynAnalysisRunner will not be running.
RoslynAnalysisRunner has terminated.
Mono: successfully reloaded assembly
- Completed reload, in  1.321 seconds
Platform modules already initialized, skipping
Registering precompiled user dll's ...
Registered in 0.000825 seconds.
Begin MonoManager ReloadAssembly
Native extension for WindowsStandalone target not found
Refreshing native plugins compatible for Editor in 0.29 ms, found 0 plugins.
Preloading 0 native plugins for Editor in 0.00 ms.
Invoked RoslynAnalysisRunner static constructor.
RoslynAnalysisRunner will not be running.
RoslynAnalysisRunner has terminated.
Mono: successfully reloaded assembly
- Completed reload, in  0.980 seconds
Platform modules already initialized, skipping
========================================================================
Worker process is ready to serve import requests
Launched and connected shader compiler UnityShaderCompiler.exe after 0.04 seconds
Refreshing native plugins compatible for Editor in 0.25 ms, found 0 plugins.
Preloading 0 native plugins for Editor in 0.00 ms.
Unloading 1259 Unused Serialized files (Serialized files now loaded: 0)
System memory in use before: 63.3 MB.
System memory in use after: 63.3 MB.

Unloading 10 unused Assets to reduce memory usage. Loaded Objects now: 1709.
Total: 2.520400 ms (FindLiveObjects: 0.217800 ms CreateObjectMapping: 0.050000 ms MarkObjects: 2.157200 ms  DeleteObjects: 0.093900 ms)

========================================================================
Received Import Request.
  path: Assets/zombieanim.blend
  artifactKey: Guid(cd1f732f99b946943a42d049a0af842f) Importer(815301076,1909f56bfc062723c751e8b465ee728b)
Start importing Assets/zombieanim.blend using Guid(cd1f732f99b946943a42d049a0af842f) Importer(815301076,1909f56bfc062723c751e8b465ee728b)  -> (artifact id: '875f63bba383714659803883d85c0f24') in 0.227474 seconds
  Import took 0.245767 seconds .

========================================================================
Received Import Request.
  Time since last request: 64.304062 seconds.
  path: Assets/zombieanim.blend
  artifactKey: Guid(cd1f732f99b946943a42d049a0af842f) Importer(815301076,1909f56bfc062723c751e8b465ee728b)
Start importing Assets/zombieanim.blend using Guid(cd1f732f99b946943a42d049a0af842f) Importer(815301076,1909f56bfc062723c751e8b465ee728b)  -> (artifact id: '987b665e39badef967967c65b920c28a') in 0.094118 seconds
  Import took 0.107979 seconds .

========================================================================
Received Import Request.
  Time since last request: 6.628367 seconds.
  path: Assets/zombieanim.prefab
  artifactKey: Guid(d0a52a21bfc28c04aa53cfad26af4f69) Importer(815301076,1909f56bfc062723c751e8b465ee728b)
Start importing Assets/zombieanim.prefab using Guid(d0a52a21bfc28c04aa53cfad26af4f69) Importer(815301076,1909f56bfc062723c751e8b465ee728b)  -> (artifact id: '9395c41ca98663c0154ccf1252a53a11') in 0.019056 seconds
  Import took 0.030250 seconds .

========================================================================
Received Import Request.
  Time since last request: 79.849895 seconds.
  path: Assets/zombieanim2.blend
  artifactKey: Guid(543ca5cf573d05f44940ed97f2a11500) Importer(815301076,1909f56bfc062723c751e8b465ee728b)
Start importing Assets/zombieanim2.blend using Guid(543ca5cf573d05f44940ed97f2a11500) Importer(815301076,1909f56bfc062723c751e8b465ee728b)  -> (artifact id: '6ca4fdd376ca1034252cabdff9dee831') in 0.098703 seconds
  Import took 0.103459 seconds .

========================================================================
Received Import Request.
  Time since last request: 30.229198 seconds.
  path: Assets/zombieanim2.blend
  artifactKey: Guid(543ca5cf573d05f44940ed97f2a11500) Importer(815301076,1909f56bfc062723c751e8b465ee728b)
Start importing Assets/zombieanim2.blend using Guid(543ca5cf573d05f44940ed97f2a11500) Importer(815301076,1909f56bfc062723c751e8b465ee728b)  -> (artifact id: '8dc4a3f9e7948fbdce1340c3b5edfdcb') in 0.084142 seconds
  Import took 0.087048 seconds .

========================================================================
Received Import Request.
  Time since last request: 95.651630 seconds.
  path: Assets/Animation/Zombie Animator.controller
  artifactKey: Guid(a99064d0e780c7c45b590c7c1c73d373) Importer(815301076,1909f56bfc062723c751e8b465ee728b)
Start importing Assets/Animation/Zombie Animator.controller using Guid(a99064d0e780c7c45b590c7c1c73d373) Importer(815301076,1909f56bfc062723c751e8b465ee728b)  -> (artifact id: 'f02f1a437b449cbdf27bcc462de39256') in 0.014334 seconds
  Import took 0.017322 seconds .

========================================================================
Received Import Request.
  Time since last request: 0.003095 seconds.
  path: Assets/Animation/Zombie Animator.controller
  artifactKey: Guid(a99064d0e780c7c45b590c7c1c73d373) Importer(815301076,1909f56bfc062723c751e8b465ee728b)
Start importing Assets/Animation/Zombie Animator.controller using Guid(a99064d0e780c7c45b590c7c1c73d373) Importer(815301076,1909f56bfc062723c751e8b465ee728b)  -> (artifact id: 'f02f1a437b449cbdf27bcc462de39256') in 0.003285 seconds
  Import took 0.005618 seconds .

========================================================================
Received Prepare
Registering precompiled user dll's ...
Registered in 0.000791 seconds.
Begin MonoManager ReloadAssembly
Native extension for WindowsStandalone target not found
Refreshing native plugins compatible for Editor in 0.33 ms, found 0 plugins.
Preloading 0 native plugins for Editor in 0.00 ms.
Invoked RoslynAnalysisRunner static constructor.
RoslynAnalysisRunner will not be running.
RoslynAnalysisRunner has terminated.
Mono: successfully reloaded assembly
- Completed reload, in  0.912 seconds
Platform modules already initialized, skipping
Refreshing native plugins compatible for Editor in 0.26 ms, found 0 plugins.
Preloading 0 native plugins for Editor in 0.00 ms.
Unloading 1252 Unused Serialized files (Serialized files now loaded: 0)
System memory in use before: 80.8 MB.
System memory in use after: 80.8 MB.

Unloading 5 unused Assets to reduce memory usage. Loaded Objects now: 1757.
Total: 2.162600 ms (FindLiveObjects: 0.186800 ms CreateObjectMapping: 0.037200 ms MarkObjects: 1.876000 ms  DeleteObjects: 0.061100 ms)

========================================================================
Received Prepare
Registering precompiled user dll's ...
Registered in 0.000871 seconds.
Begin MonoManager ReloadAssembly
Native extension for WindowsStandalone target not found
Refreshing native plugins compatible for Editor in 0.25 ms, found 0 plugins.
Preloading 0 native plugins for Editor in 0.00 ms.
Invoked RoslynAnalysisRunner static constructor.
RoslynAnalysisRunner will not be running.
RoslynAnalysisRunner has terminated.
Mono: successfully reloaded assembly
- Completed reload, in  0.928 seconds
Platform modules already initialized, skipping
Refreshing native plugins compatible for Editor in 0.25 ms, found 0 plugins.
Preloading 0 native plugins for Editor in 0.00 ms.
Unloading 1252 Unused Serialized files (Serialized files now loaded: 0)
System memory in use before: 80.8 MB.
System memory in use after: 80.9 MB.

Unloading 5 unused Assets to reduce memory usage. Loaded Objects now: 1760.
Total: 2.813400 ms (FindLiveObjects: 0.197400 ms CreateObjectMapping: 0.043600 ms MarkObjects: 2.486900 ms  DeleteObjects: 0.084000 ms)

========================================================================
Received Prepare
Registering precompiled user dll's ...
Registered in 0.001122 seconds.
Begin MonoManager ReloadAssembly
Native extension for WindowsStandalone target not found
Refreshing native plugins compatible for Editor in 0.26 ms, found 0 plugins.
Preloading 0 native plugins for Editor in 0.00 ms.
Invoked RoslynAnalysisRunner static constructor.
RoslynAnalysisRunner will not be running.
RoslynAnalysisRunner has terminated.
Mono: successfully reloaded assembly
- Completed reload, in  0.891 seconds
Platform modules already initialized, skipping
Refreshing native plugins compatible for Editor in 0.26 ms, found 0 plugins.
Preloading 0 native plugins for Editor in 0.00 ms.
Unloading 1252 Unused Serialized files (Serialized files now loaded: 0)
System memory in use before: 80.8 MB.
System memory in use after: 80.9 MB.

Unloading 5 unused Assets to reduce memory usage. Loaded Objects now: 1763.
Total: 2.167100 ms (FindLiveObjects: 0.186300 ms CreateObjectMapping: 0.037500 ms MarkObjects: 1.878000 ms  DeleteObjects: 0.063500 ms)

========================================================================
Received Prepare
Registering precompiled user dll's ...
Registered in 0.000869 seconds.
Begin MonoManager ReloadAssembly
Native extension for WindowsStandalone target not found
Refreshing native plugins compatible for Editor in 0.30 ms, found 0 plugins.
Preloading 0 native plugins for Editor in 0.00 ms.
Invoked RoslynAnalysisRunner static constructor.
RoslynAnalysisRunner will not be running.
RoslynAnalysisRunner has terminated.
Mono: successfully reloaded assembly
- Completed reload, in  0.901 seconds
Platform modules already initialized, skipping
Refreshing native plugins compatible for Editor in 0.28 ms, found 0 plugins.
Preloading 0 native plugins for Editor in 0.00 ms.
Unloading 1252 Unused Serialized files (Serialized files now loaded: 0)
System memory in use before: 80.8 MB.
System memory in use after: 80.9 MB.

Unloading 5 unused Assets to reduce memory usage. Loaded Objects now: 1766.
Total: 2.940700 ms (FindLiveObjects: 0.210200 ms CreateObjectMapping: 0.042100 ms MarkObjects: 2.611800 ms  DeleteObjects: 0.075100 ms)

========================================================================
Received Import Request.
  Time since last request: 406.765352 seconds.
  path: Assets/zombieanim2.blend
  artifactKey: Guid(543ca5cf573d05f44940ed97f2a11500) Importer(815301076,1909f56bfc062723c751e8b465ee728b)
Start importing Assets/zombieanim2.blend using Guid(543ca5cf573d05f44940ed97f2a11500) Importer(815301076,1909f56bfc062723c751e8b465ee728b)  -> (artifact id: '7e764acf02027d0b018273c80f0b29db') in 0.165752 seconds
  Import took 0.173303 seconds .

========================================================================
Received Prepare
Registering precompiled user dll's ...
Registered in 0.000785 seconds.
Begin MonoManager ReloadAssembly
Native extension for WindowsStandalone target not found
Refreshing native plugins compatible for Editor in 0.28 ms, found 0 plugins.
Preloading 0 native plugins for Editor in 0.00 ms.
Invoked RoslynAnalysisRunner static constructor.
RoslynAnalysisRunner will not be running.
RoslynAnalysisRunner has terminated.
Mono: successfully reloaded assembly
- Completed reload, in  0.914 seconds
Platform modules already initialized, skipping
Refreshing native plugins compatible for Editor in 0.28 ms, found 0 plugins.
Preloading 0 native plugins for Editor in 0.00 ms.
Unloading 1252 Unused Serialized files (Serialized files now loaded: 0)
System memory in use before: 80.9 MB.
System memory in use after: 81.0 MB.

Unloading 5 unused Assets to reduce memory usage. Loaded Objects now: 1770.
Total: 2.086300 ms (FindLiveObjects: 0.188200 ms CreateObjectMapping: 0.038100 ms MarkObjects: 1.796300 ms  DeleteObjects: 0.062500 ms)

========================================================================
Received Prepare
Registering precompiled user dll's ...
Registered in 0.000799 seconds.
Begin MonoManager ReloadAssembly
Native extension for WindowsStandalone target not found
Refreshing native plugins compatible for Editor in 0.32 ms, found 0 plugins.
Preloading 0 native plugins for Editor in 0.00 ms.
Invoked RoslynAnalysisRunner static constructor.
RoslynAnalysisRunner will not be running.
RoslynAnalysisRunner has terminated.
Mono: successfully reloaded assembly
- Completed reload, in  0.926 seconds
Platform modules already initialized, skipping
Refreshing native plugins compatible for Editor in 0.25 ms, found 0 plugins.
Preloading 0 native plugins for Editor in 0.00 ms.
Unloading 1252 Unused Serialized files (Serialized files now loaded: 0)
System memory in use before: 80.9 MB.
System memory in use after: 81.0 MB.

Unloading 5 unused Assets to reduce memory usage. Loaded Objects now: 1773.
Total: 2.478300 ms (FindLiveObjects: 0.210500 ms CreateObjectMapping: 0.044400 ms MarkObjects: 2.154400 ms  DeleteObjects: 0.067500 ms)

========================================================================
Received Prepare
Registering precompiled user dll's ...
Registered in 0.000799 seconds.
Begin MonoManager ReloadAssembly
Native extension for WindowsStandalone target not found
Refreshing native plugins compatible for Editor in 0.31 ms, found 0 plugins.
Preloading 0 native plugins for Editor in 0.00 ms.
Invoked RoslynAnalysisRunner static constructor.
RoslynAnalysisRunner will not be running.
RoslynAnalysisRunner has terminated.
Mono: successfully reloaded assembly
- Completed reload, in  0.919 seconds
Platform modules already initialized, skipping
Refreshing native plugins compatible for Editor in 0.26 ms, found 0 plugins.
Preloading 0 native plugins for Editor in 0.00 ms.
Unloading 1252 Unused Serialized files (Serialized files now loaded: 0)
System memory in use before: 80.9 MB.
System memory in use after: 81.0 MB.

Unloading 5 unused Assets to reduce memory usage. Loaded Objects now: 1776.
Total: 2.340900 ms (FindLiveObjects: 0.194600 ms CreateObjectMapping: 0.041900 ms MarkObjects: 2.034300 ms  DeleteObjects: 0.068300 ms)

========================================================================
Received Prepare
Registering precompiled user dll's ...
Registered in 0.000879 seconds.
Begin MonoManager ReloadAssembly
Native extension for WindowsStandalone target not found
Refreshing native plugins compatible for Editor in 0.29 ms, found 0 plugins.
Preloading 0 native plugins for Editor in 0.00 ms.
Invoked RoslynAnalysisRunner static constructor.
RoslynAnalysisRunner will not be running.
RoslynAnalysisRunner has terminated.
Mono: successfully reloaded assembly
- Completed reload, in  0.910 seconds
Platform modules already initialized, skipping
Refreshing native plugins compatible for Editor in 0.26 ms, found 0 plugins.
Preloading 0 native plugins for Editor in 0.00 ms.
Unloading 1252 Unused Serialized files (Serialized files now loaded: 0)
System memory in use before: 80.9 MB.
System memory in use after: 81.0 MB.

Unloading 5 unused Assets to reduce memory usage. Loaded Objects now: 1779.
Total: 2.547200 ms (FindLiveObjects: 0.204400 ms CreateObjectMapping: 0.044500 ms MarkObjects: 2.228700 ms  DeleteObjects: 0.068200 ms)

========================================================================
Received Import Request.
  Time since last request: 3891.945058 seconds.
  path: Assets/zombieanim2.blend
  artifactKey: Guid(543ca5cf573d05f44940ed97f2a11500) Importer(815301076,1909f56bfc062723c751e8b465ee728b)
Start importing Assets/zombieanim2.blend using Guid(543ca5cf573d05f44940ed97f2a11500) Importer(815301076,1909f56bfc062723c751e8b465ee728b)  -> (artifact id: '1c88bfc790a1abe69720fce692e29745') in 0.173201 seconds
  Import took 0.203040 seconds .

========================================================================
Received Import Request.
  Time since last request: 34.548827 seconds.
  path: Assets/Zombie/head.png
  artifactKey: Guid(4eab5551850a306429b4bdb1fb568fa2) Importer(815301076,1909f56bfc062723c751e8b465ee728b)
Start importing Assets/Zombie/head.png using Guid(4eab5551850a306429b4bdb1fb568fa2) Importer(815301076,1909f56bfc062723c751e8b465ee728b)  -> (artifact id: 'd1927152e5cde8b09a5e47c09b5468c5') in 0.047906 seconds
  Import took 0.060195 seconds .

========================================================================
Received Import Request.
  Time since last request: 0.004426 seconds.
  path: Assets/Zombie/head.png
  artifactKey: Guid(4eab5551850a306429b4bdb1fb568fa2) Importer(815301076,1909f56bfc062723c751e8b465ee728b)
Start importing Assets/Zombie/head.png using Guid(4eab5551850a306429b4bdb1fb568fa2) Importer(815301076,1909f56bfc062723c751e8b465ee728b)  -> (artifact id: 'd1927152e5cde8b09a5e47c09b5468c5') in 0.026720 seconds
  Import took 0.029710 seconds .

========================================================================
Received Prepare
Registering precompiled user dll's ...
Registered in 0.000794 seconds.
Begin MonoManager ReloadAssembly
Native extension for WindowsStandalone target not found
Refreshing native plugins compatible for Editor in 0.28 ms, found 0 plugins.
Preloading 0 native plugins for Editor in 0.00 ms.
Invoked RoslynAnalysisRunner static constructor.
RoslynAnalysisRunner will not be running.
RoslynAnalysisRunner has terminated.
Mono: successfully reloaded assembly
- Completed reload, in  0.954 seconds
Platform modules already initialized, skipping
Refreshing native plugins compatible for Editor in 0.34 ms, found 0 plugins.
Preloading 0 native plugins for Editor in 0.00 ms.
Unloading 1252 Unused Serialized files (Serialized files now loaded: 0)
System memory in use before: 80.9 MB.
System memory in use after: 81.0 MB.

Unloading 5 unused Assets to reduce memory usage. Loaded Objects now: 1784.
Total: 2.868200 ms (FindLiveObjects: 0.202400 ms CreateObjectMapping: 0.039100 ms MarkObjects: 2.554000 ms  DeleteObjects: 0.071000 ms)

========================================================================
Received Import Request.
  Time since last request: 536.595671 seconds.
  path: Assets/zombieanim2.blend
  artifactKey: Guid(543ca5cf573d05f44940ed97f2a11500) Importer(815301076,1909f56bfc062723c751e8b465ee728b)
Start importing Assets/zombieanim2.blend using Guid(543ca5cf573d05f44940ed97f2a11500) Importer(815301076,1909f56bfc062723c751e8b465ee728b)  -> (artifact id: '22662091d9ed57ff96c01ae45b52fd3c') in 0.181882 seconds
  Import took 0.192653 seconds .

========================================================================
Received Prepare
Registering precompiled user dll's ...
Registered in 0.000825 seconds.
Begin MonoManager ReloadAssembly
Native extension for WindowsStandalone target not found
Refreshing native plugins compatible for Editor in 0.27 ms, found 0 plugins.
Preloading 0 native plugins for Editor in 0.00 ms.
Invoked RoslynAnalysisRunner static constructor.
RoslynAnalysisRunner will not be running.
RoslynAnalysisRunner has terminated.
Mono: successfully reloaded assembly
- Completed reload, in  0.898 seconds
Platform modules already initialized, skipping
Refreshing native plugins compatible for Editor in 0.27 ms, found 0 plugins.
Preloading 0 native plugins for Editor in 0.00 ms.
Unloading 1252 Unused Serialized files (Serialized files now loaded: 0)
System memory in use before: 80.9 MB.
System memory in use after: 81.0 MB.

Unloading 5 unused Assets to reduce memory usage. Loaded Objects now: 1788.
Total: 2.322500 ms (FindLiveObjects: 0.201000 ms CreateObjectMapping: 0.038900 ms MarkObjects: 2.009100 ms  DeleteObjects: 0.072400 ms)

========================================================================
Received Import Request.
  Time since last request: 143.295571 seconds.
  path: Assets/zombieanim3.blend
  artifactKey: Guid(3e80fd31914a7ba47ada83d32c9440aa) Importer(815301076,1909f56bfc062723c751e8b465ee728b)
Start importing Assets/zombieanim3.blend using Guid(3e80fd31914a7ba47ada83d32c9440aa) Importer(815301076,1909f56bfc062723c751e8b465ee728b)  -> (artifact id: '0d94f67b42ea4a43072bf42a30350b8b') in 0.200256 seconds
  Import took 0.208493 seconds .

========================================================================
Received Import Request.
  Time since last request: 27.481344 seconds.
  path: Assets/zombieanim3.blend
  artifactKey: Guid(3e80fd31914a7ba47ada83d32c9440aa) Importer(815301076,1909f56bfc062723c751e8b465ee728b)
Start importing Assets/zombieanim3.blend using Guid(3e80fd31914a7ba47ada83d32c9440aa) Importer(815301076,1909f56bfc062723c751e8b465ee728b)  -> (artifact id: '6280240859fce0902db59eab1bec94dc') in 0.120401 seconds
  Import took 0.137109 seconds .

========================================================================
Received Import Request.
  Time since last request: 8.393220 seconds.
  path: Assets/zombieanim3.blend
  artifactKey: Guid(3e80fd31914a7ba47ada83d32c9440aa) Importer(815301076,1909f56bfc062723c751e8b465ee728b)
Start importing Assets/zombieanim3.blend using Guid(3e80fd31914a7ba47ada83d32c9440aa) Importer(815301076,1909f56bfc062723c751e8b465ee728b)  -> (artifact id: 'd2d5ae24489197e4341e274a0cd80975') in 0.096150 seconds
  Import took 0.106666 seconds .

========================================================================
Received Import Request.
  Time since last request: 174.674420 seconds.
  path: Assets/zombieanim3.blend
  artifactKey: Guid(3e80fd31914a7ba47ada83d32c9440aa) Importer(815301076,1909f56bfc062723c751e8b465ee728b)
Start importing Assets/zombieanim3.blend using Guid(3e80fd31914a7ba47ada83d32c9440aa) Importer(815301076,1909f56bfc062723c751e8b465ee728b)  -> (artifact id: '8c7f43daca80fe9cf72b806edf558f28') in 0.101825 seconds
  Import took 0.111807 seconds .

========================================================================
Received Prepare
Registering precompiled user dll's ...
Registered in 0.000784 seconds.
Begin MonoManager ReloadAssembly
Native extension for WindowsStandalone target not found
Refreshing native plugins compatible for Editor in 0.26 ms, found 0 plugins.
Preloading 0 native plugins for Editor in 0.00 ms.
Invoked RoslynAnalysisRunner static constructor.
RoslynAnalysisRunner will not be running.
RoslynAnalysisRunner has terminated.
Mono: successfully reloaded assembly
- Completed reload, in  0.905 seconds
Platform modules already initialized, skipping
Refreshing native plugins compatible for Editor in 0.30 ms, found 0 plugins.
Preloading 0 native plugins for Editor in 0.00 ms.
Unloading 1252 Unused Serialized files (Serialized files now loaded: 0)
System memory in use before: 81.1 MB.
System memory in use after: 81.2 MB.

Unloading 5 unused Assets to reduce memory usage. Loaded Objects now: 1792.
Total: 2.190800 ms (FindLiveObjects: 0.243900 ms CreateObjectMapping: 0.066600 ms MarkObjects: 1.823100 ms  DeleteObjects: 0.055300 ms)

========================================================================
Received Prepare
Registering precompiled user dll's ...
Registered in 0.000798 seconds.
Begin MonoManager ReloadAssembly
Native extension for WindowsStandalone target not found
Refreshing native plugins compatible for Editor in 0.27 ms, found 0 plugins.
Preloading 0 native plugins for Editor in 0.00 ms.
Invoked RoslynAnalysisRunner static constructor.
RoslynAnalysisRunner will not be running.
RoslynAnalysisRunner has terminated.
Mono: successfully reloaded assembly
- Completed reload, in  0.923 seconds
Platform modules already initialized, skipping
Refreshing native plugins compatible for Editor in 0.31 ms, found 0 plugins.
Preloading 0 native plugins for Editor in 0.00 ms.
Unloading 1252 Unused Serialized files (Serialized files now loaded: 0)
System memory in use before: 81.1 MB.
System memory in use after: 81.2 MB.

Unloading 5 unused Assets to reduce memory usage. Loaded Objects now: 1795.
Total: 2.566100 ms (FindLiveObjects: 0.256100 ms CreateObjectMapping: 0.056600 ms MarkObjects: 2.178100 ms  DeleteObjects: 0.073800 ms)

========================================================================
Received Import Request.
  Time since last request: 396.344608 seconds.
  path: Assets/Prefab
  artifactKey: Guid(369d74cf7645c7543bc985b6961086ee) Importer(815301076,1909f56bfc062723c751e8b465ee728b)
Start importing Assets/Prefab using Guid(369d74cf7645c7543bc985b6961086ee) Importer(815301076,1909f56bfc062723c751e8b465ee728b)  -> (artifact id: '03dfd7012a1f34fe3d79efc5ace95df4') in 0.018009 seconds
  Import took 0.023793 seconds .

========================================================================
Received Import Request.
  Time since last request: 6.135996 seconds.
  path: Assets/Prefab/zombieanim2.prefab
  artifactKey: Guid(f4f147745d3b3f344a91f0918d4d67cb) Importer(815301076,1909f56bfc062723c751e8b465ee728b)
Start importing Assets/Prefab/zombieanim2.prefab using Guid(f4f147745d3b3f344a91f0918d4d67cb) Importer(815301076,1909f56bfc062723c751e8b465ee728b)  -> (artifact id: '8c063af01d9ba94d1038bcf2173d4a17') in 0.140633 seconds
  Import took 0.146203 seconds .

========================================================================
Received Import Request.
  Time since last request: 3.458184 seconds.
  path: Assets/Prefab/zombieanim3.prefab
  artifactKey: Guid(1ebcd259823da9d4aa00e0de48747626) Importer(815301076,1909f56bfc062723c751e8b465ee728b)
Start importing Assets/Prefab/zombieanim3.prefab using Guid(1ebcd259823da9d4aa00e0de48747626) Importer(815301076,1909f56bfc062723c751e8b465ee728b)  -> (artifact id: '318f80148378035b378dcab4efdab89d') in 0.050076 seconds
  Import took 0.063047 seconds .

========================================================================
Received Import Request.
  Time since last request: 0.014212 seconds.
  path: Assets/Prefab/zombieanim3.prefab
  artifactKey: Guid(1ebcd259823da9d4aa00e0de48747626) Importer(815301076,1909f56bfc062723c751e8b465ee728b)
Start importing Assets/Prefab/zombieanim3.prefab using Guid(1ebcd259823da9d4aa00e0de48747626) Importer(815301076,1909f56bfc062723c751e8b465ee728b)  -> (artifact id: '318f80148378035b378dcab4efdab89d') in 0.043775 seconds
  Import took 0.047371 seconds .

========================================================================
Received Prepare
Registering precompiled user dll's ...
Registered in 0.000896 seconds.
Begin MonoManager ReloadAssembly
Native extension for WindowsStandalone target not found
Refreshing native plugins compatible for Editor in 0.32 ms, found 0 plugins.
Preloading 0 native plugins for Editor in 0.00 ms.
Invoked RoslynAnalysisRunner static constructor.
RoslynAnalysisRunner will not be running.
RoslynAnalysisRunner has terminated.
Mono: successfully reloaded assembly
- Completed reload, in  0.926 seconds
Platform modules already initialized, skipping
Refreshing native plugins compatible for Editor in 0.31 ms, found 0 plugins.
Preloading 0 native plugins for Editor in 0.00 ms.
Unloading 1252 Unused Serialized files (Serialized files now loaded: 0)
System memory in use before: 81.1 MB.
System memory in use after: 81.2 MB.

Unloading 5 unused Assets to reduce memory usage. Loaded Objects now: 1799.
Total: 1.891500 ms (FindLiveObjects: 0.176300 ms CreateObjectMapping: 0.031400 ms MarkObjects: 1.622800 ms  DeleteObjects: 0.059500 ms)

========================================================================
Received Import Request.
  Time since last request: 98.222928 seconds.
  path: Assets/Prefab/zombieanim3.prefab
  artifactKey: Guid(1ebcd259823da9d4aa00e0de48747626) Importer(815301076,1909f56bfc062723c751e8b465ee728b)
Start importing Assets/Prefab/zombieanim3.prefab using Guid(1ebcd259823da9d4aa00e0de48747626) Importer(815301076,1909f56bfc062723c751e8b465ee728b)  -> (artifact id: '77f05ef71a9876d06bbd7f166a04368d') in 0.107206 seconds
  Import took 0.125821 seconds .

========================================================================
Received Prepare
Registering precompiled user dll's ...
Registered in 0.000845 seconds.
Begin MonoManager ReloadAssembly
Native extension for WindowsStandalone target not found
Refreshing native plugins compatible for Editor in 0.28 ms, found 0 plugins.
Preloading 0 native plugins for Editor in 0.00 ms.
Invoked RoslynAnalysisRunner static constructor.
RoslynAnalysisRunner will not be running.
RoslynAnalysisRunner has terminated.
Mono: successfully reloaded assembly
- Completed reload, in  0.921 seconds
Platform modules already initialized, skipping
Refreshing native plugins compatible for Editor in 0.32 ms, found 0 plugins.
Preloading 0 native plugins for Editor in 0.00 ms.
Unloading 1252 Unused Serialized files (Serialized files now loaded: 0)
System memory in use before: 81.1 MB.
System memory in use after: 81.2 MB.

Unloading 5 unused Assets to reduce memory usage. Loaded Objects now: 1803.
Total: 2.441700 ms (FindLiveObjects: 0.201600 ms CreateObjectMapping: 0.043300 ms MarkObjects: 2.135800 ms  DeleteObjects: 0.059500 ms)

========================================================================
Received Prepare
Registering precompiled user dll's ...
Registered in 0.000912 seconds.
Begin MonoManager ReloadAssembly
Native extension for WindowsStandalone target not found
Refreshing native plugins compatible for Editor in 0.26 ms, found 0 plugins.
Preloading 0 native plugins for Editor in 0.00 ms.
Invoked RoslynAnalysisRunner static constructor.
RoslynAnalysisRunner will not be running.
RoslynAnalysisRunner has terminated.
Mono: successfully reloaded assembly
- Completed reload, in  0.919 seconds
Platform modules already initialized, skipping
Refreshing native plugins compatible for Editor in 0.25 ms, found 0 plugins.
Preloading 0 native plugins for Editor in 0.00 ms.
Unloading 1252 Unused Serialized files (Serialized files now loaded: 0)
System memory in use before: 81.1 MB.
System memory in use after: 81.2 MB.

Unloading 5 unused Assets to reduce memory usage. Loaded Objects now: 1806.
Total: 2.329600 ms (FindLiveObjects: 0.183300 ms CreateObjectMapping: 0.033400 ms MarkObjects: 2.035300 ms  DeleteObjects: 0.076000 ms)

========================================================================
Received Prepare
Registering precompiled user dll's ...
Registered in 0.000992 seconds.
Begin MonoManager ReloadAssembly
Native extension for WindowsStandalone target not found
Refreshing native plugins compatible for Editor in 0.31 ms, found 0 plugins.
Preloading 0 native plugins for Editor in 0.00 ms.
Invoked RoslynAnalysisRunner static constructor.
RoslynAnalysisRunner will not be running.
RoslynAnalysisRunner has terminated.
Mono: successfully reloaded assembly
- Completed reload, in  0.927 seconds
Platform modules already initialized, skipping
Refreshing native plugins compatible for Editor in 0.26 ms, found 0 plugins.
Preloading 0 native plugins for Editor in 0.00 ms.
Unloading 1252 Unused Serialized files (Serialized files now loaded: 0)
System memory in use before: 81.1 MB.
System memory in use after: 81.2 MB.

Unloading 5 unused Assets to reduce memory usage. Loaded Objects now: 1809.
Total: 2.114500 ms (FindLiveObjects: 0.196000 ms CreateObjectMapping: 0.038000 ms MarkObjects: 1.810300 ms  DeleteObjects: 0.068700 ms)

AssetImportWorkerClient::OnTransportError - code=2 error=End of file
